<?xml version="1.0" encoding="UTF-8"?>
<coverage generated="1653341360795" clover="3.2.0">
  <project timestamp="1653341360795" name="All files">
    <metrics statements="5" coveredstatements="5" conditionals="1" coveredconditionals="0" methods="1" coveredmethods="1" elements="7" coveredelements="6" complexity="0" loc="5" ncloc="5" packages="1" files="1" classes="1"/>
    <file name="isTBBTCharacter.js" path="/home/rodrigo/Documents/getting-started-with-jest/isTBBTCharacter.js">
      <metrics statements="5" coveredstatements="5" conditionals="1" coveredconditionals="0" methods="1" coveredmethods="1"/>
      <line num="3" count="5" type="stmt"/>
      <line num="8" count="5" type="stmt"/>
      <line num="9" count="5" type="stmt"/>
      <line num="10" count="5" type="stmt"/>
      <line num="13" count="1" type="stmt"/>
    </file>
  </project>
</coverage>
