{"/home/rodrigo/Documents/getting-started-with-jest/isTBBTCharacter.js": {"path":"/home/rodrigo/Documents/getting-started-with-jest/isTBBTCharacter.js","statementMap":{"0":{"start":{"line":3,"column":27},"end":{"line":4,"column":99}},"1":{"start":{"line":8,"column":23},"end":{"line":8,"column":48}},"2":{"start":{"line":9,"column":4},"end":{"line":9,"column":79}},"3":{"start":{"line":10,"column":4},"end":{"line":10,"column":48}},"4":{"start":{"line":13,"column":0},"end":{"line":13,"column":32}}},"fnMap":{"0":{"name":"isTBBTCharacter","decl":{"start":{"line":1,"column":9},"end":{"line":1,"column":24}},"loc":{"start":{"line":1,"column":40},"end":{"line":11,"column":1}},"line":1}},"branchMap":{"0":{"loc":{"start":{"line":1,"column":26},"end":{"line":1,"column":39}},"type":"default-arg","locations":[{"start":{"line":1,"column":33},"end":{"line":1,"column":39}}],"line":1}},"s":{"0":5,"1":5,"2":5,"3":5,"4":1},"f":{"0":5},"b":{"0":[0]},"_coverageSchema":"1a1c01bbd47fc00a2c39e90264f33305004495a9","hash":"37e6a1f478030f81d522c58f3e9d457bada1a94b"}
}
